<?xml version="1.0" encoding="UTF-8" standalone="no"?>
<!DOCTYPE log SYSTEM "logger.dtd">
<log>
<record>
  <date>2023-04-11T19:19:43.926-0300</date>
  <logger>LUANA BRINGEL LEITE</logger>
  <level>FINE</level>
  <message>File 121210141-LUANA BRINGEL LEITE.zip was received. It was sent by LUANA BRINGEL LEITE from IP 10.0.0.46 at 11-04-2023 19*19*43</message>
</record>
</log>
<?xml version="1.0" encoding="UTF-8" standalone="no"?>
<!DOCTYPE log SYSTEM "logger.dtd">
<log>
<record>
  <date>2023-04-11T19:37:27.013-0300</date>
  <logger>LUANA BRINGEL LEITE</logger>
  <level>FINE</level>
  <message>File 121210141-LUANA BRINGEL LEITE.zip was received. It was sent by LUANA BRINGEL LEITE from IP 10.0.0.46 at 11-04-2023 19*37*26</message>
</record>
</log>
<?xml version="1.0" encoding="UTF-8" standalone="no"?>
<!DOCTYPE log SYSTEM "logger.dtd">
<log>
<record>
  <date>2023-04-11T19:47:37.751-0300</date>
  <logger>LUANA BRINGEL LEITE</logger>
  <level>FINE</level>
  <message>File 121210141-LUANA BRINGEL LEITE.zip was received. It was sent by LUANA BRINGEL LEITE from IP 10.0.0.46 at 11-04-2023 19*47*37</message>
</record>
</log>
<?xml version="1.0" encoding="UTF-8" standalone="no"?>
<!DOCTYPE log SYSTEM "logger.dtd">
<log>
<record>
  <date>2023-04-11T21:19:10.488-0300</date>
  <logger>LUANA BRINGEL LEITE</logger>
  <level>FINE</level>
  <message>File 121210141-LUANA BRINGEL LEITE.zip was received. It was sent by LUANA BRINGEL LEITE from IP 10.0.0.46 at 11-04-2023 21*19*10</message>
</record>
