<?xml version="1.0" encoding="UTF-8" standalone="no"?>
<!DOCTYPE log SYSTEM "logger.dtd">
<log>
<record>
  <date>2023-04-18T19:08:17.480-0300</date>
  <logger>LUANA BRINGEL LEITE</logger>
  <level>FINE</level>
  <message>File 121210141-LUANA BRINGEL LEITE.zip was received. It was sent by LUANA BRINGEL LEITE from IP 10.0.0.46 at 18-04-2023 19*08*17</message>
</record>
</log>
<?xml version="1.0" encoding="UTF-8" standalone="no"?>
<!DOCTYPE log SYSTEM "logger.dtd">
<log>
<record>
  <date>2023-04-18T19:11:50.973-0300</date>
  <logger>LUANA BRINGEL LEITE</logger>
  <level>FINE</level>
  <message>File 121210141-LUANA BRINGEL LEITE.zip was received. It was sent by LUANA BRINGEL LEITE from IP 10.0.0.46 at 18-04-2023 19*11*50</message>
</record>
</log>
<?xml version="1.0" encoding="UTF-8" standalone="no"?>
<!DOCTYPE log SYSTEM "logger.dtd">
<log>
<record>
  <date>2023-04-18T23:55:57.908-0300</date>
  <logger>LUANA BRINGEL LEITE</logger>
  <level>FINE</level>
  <message>File 121210141-LUANA BRINGEL LEITE.zip was received. It was sent by LUANA BRINGEL LEITE from IP 10.0.0.46 at 18-04-2023 23*55*57</message>
</record>
</log>
<?xml version="1.0" encoding="UTF-8" standalone="no"?>
<!DOCTYPE log SYSTEM "logger.dtd">
<log>
<record>
  <date>2023-04-18T23:59:37.074-0300</date>
  <logger>LUANA BRINGEL LEITE</logger>
  <level>FINE</level>
  <message>File 121210141-LUANA BRINGEL LEITE.zip was received. It was sent by LUANA BRINGEL LEITE from IP 10.0.0.46 at 18-04-2023 23*59*37</message>
</record>
