<?xml version="1.0" encoding="UTF-8" standalone="no"?>
<!DOCTYPE log SYSTEM "logger.dtd">
<log>
<record>
  <date>2023-05-10T01:27:27.384-0300</date>
  <logger>LUANA BRINGEL LEITE</logger>
  <level>FINE</level>
  <message>File 121210141-LUANA BRINGEL LEITE.zip was received. It was sent by LUANA BRINGEL LEITE from IP 10.0.0.46 at 10-05-2023 01*27*27</message>
</record>
</log>
<?xml version="1.0" encoding="UTF-8" standalone="no"?>
<!DOCTYPE log SYSTEM "logger.dtd">
<log>
<record>
  <date>2023-05-10T01:32:33.778-0300</date>
  <logger>LUANA BRINGEL LEITE</logger>
  <level>FINE</level>
  <message>File 121210141-LUANA BRINGEL LEITE.zip was received. It was sent by LUANA BRINGEL LEITE from IP 10.0.0.46 at 10-05-2023 01*32*33</message>
</record>
</log>
<?xml version="1.0" encoding="UTF-8" standalone="no"?>
<!DOCTYPE log SYSTEM "logger.dtd">
<log>
<record>
  <date>2023-05-10T01:33:09.545-0300</date>
  <logger>LUANA BRINGEL LEITE</logger>
  <level>FINE</level>
  <message>File 121210141-LUANA BRINGEL LEITE.zip was received. It was sent by LUANA BRINGEL LEITE from IP 10.0.0.46 at 10-05-2023 01*33*09</message>
</record>
