<?xml version="1.0" encoding="UTF-8" standalone="no"?>
<!DOCTYPE log SYSTEM "logger.dtd">
<log>
<record>
  <date>2023-05-02T14:19:42.037-0300</date>
  <logger>LUANA BRINGEL LEITE</logger>
  <level>FINE</level>
  <message>File 121210141-LUANA BRINGEL LEITE.zip was received. It was sent by LUANA BRINGEL LEITE from IP 10.0.0.46 at 02-05-2023 14*19*42</message>
</record>
</log>
<?xml version="1.0" encoding="UTF-8" standalone="no"?>
<!DOCTYPE log SYSTEM "logger.dtd">
<log>
<record>
  <date>2023-05-02T14:41:11.863-0300</date>
  <logger>LUANA BRINGEL LEITE</logger>
  <level>FINE</level>
  <message>File 121210141-LUANA BRINGEL LEITE.zip was received. It was sent by LUANA BRINGEL LEITE from IP 10.0.0.46 at 02-05-2023 14*41*11</message>
</record>
</log>
<?xml version="1.0" encoding="UTF-8" standalone="no"?>
<!DOCTYPE log SYSTEM "logger.dtd">
<log>
<record>
  <date>2023-05-02T14:42:09.126-0300</date>
  <logger>LUANA BRINGEL LEITE</logger>
  <level>FINE</level>
  <message>File 121210141-LUANA BRINGEL LEITE.zip was received. It was sent by LUANA BRINGEL LEITE from IP 10.0.0.46 at 02-05-2023 14*42*09</message>
</record>
